Lints for rule download_genomes (line 27, /mnt/c/Users/anand/Documents/Academics/S4/22BIO211- INTELLIGENCE OF BIOLOGICAL SYSTEMS II/Project/metagenome_quantification/Snakefile):
    * No log directive defined:
      Without a log directive, all output will be printed to the terminal. In distributed environments, this means that errors are harder to discover. In local environments, output of
      concurrent jobs will be mixed and become unreadable.
      Also see:
      https://snakemake.readthedocs.io/en/stable/snakefiles/rules.html#log-files
    * Specify a conda environment or container for each rule.:
      This way, the used software for each specific step is documented, and the workflow can be executed on any machine without prerequisites.
      Also see:
      https://snakemake.readthedocs.io/en/latest/snakefiles/deployment.html#integrated-package-management
      https://snakemake.readthedocs.io/en/latest/snakefiles/deployment.html#running-jobs-in-containers

Lints for rule simulate_reads (line 47, /mnt/c/Users/anand/Documents/Academics/S4/22BIO211- INTELLIGENCE OF BIOLOGICAL SYSTEMS II/Project/metagenome_quantification/Snakefile):
    * No log directive defined:
      Without a log directive, all output will be printed to the terminal. In distributed environments, this means that errors are harder to discover. In local environments, output of
      concurrent jobs will be mixed and become unreadable.
      Also see:
      https://snakemake.readthedocs.io/en/stable/snakefiles/rules.html#log-files
    * Specify a conda environment or container for each rule.:
      This way, the used software for each specific step is documented, and the workflow can be executed on any machine without prerequisites.
      Also see:
      https://snakemake.readthedocs.io/en/latest/snakefiles/deployment.html#integrated-package-management
      https://snakemake.readthedocs.io/en/latest/snakefiles/deployment.html#running-jobs-in-containers

Lints for rule build_twopaco (line 73, /mnt/c/Users/anand/Documents/Academics/S4/22BIO211- INTELLIGENCE OF BIOLOGICAL SYSTEMS II/Project/metagenome_quantification/Snakefile):
    * No log directive defined:
      Without a log directive, all output will be printed to the terminal. In distributed environments, this means that errors are harder to discover. In local environments, output of
      concurrent jobs will be mixed and become unreadable.
      Also see:
      https://snakemake.readthedocs.io/en/stable/snakefiles/rules.html#log-files
    * Specify a conda environment or container for each rule.:
      This way, the used software for each specific step is documented, and the workflow can be executed on any machine without prerequisites.
      Also see:
      https://snakemake.readthedocs.io/en/latest/snakefiles/deployment.html#integrated-package-management
      https://snakemake.readthedocs.io/en/latest/snakefiles/deployment.html#running-jobs-in-containers

Lints for rule extract_colors (line 100, /mnt/c/Users/anand/Documents/Academics/S4/22BIO211- INTELLIGENCE OF BIOLOGICAL SYSTEMS II/Project/metagenome_quantification/Snakefile):
    * No log directive defined:
      Without a log directive, all output will be printed to the terminal. In distributed environments, this means that errors are harder to discover. In local environments, output of
      concurrent jobs will be mixed and become unreadable.
      Also see:
      https://snakemake.readthedocs.io/en/stable/snakefiles/rules.html#log-files
    * Specify a conda environment or container for each rule.:
      This way, the used software for each specific step is documented, and the workflow can be executed on any machine without prerequisites.
      Also see:
      https://snakemake.readthedocs.io/en/latest/snakefiles/deployment.html#integrated-package-management
      https://snakemake.readthedocs.io/en/latest/snakefiles/deployment.html#running-jobs-in-containers

Lints for rule map_reads_twopaco (line 119, /mnt/c/Users/anand/Documents/Academics/S4/22BIO211- INTELLIGENCE OF BIOLOGICAL SYSTEMS II/Project/metagenome_quantification/Snakefile):
    * No log directive defined:
      Without a log directive, all output will be printed to the terminal. In distributed environments, this means that errors are harder to discover. In local environments, output of
      concurrent jobs will be mixed and become unreadable.
      Also see:
      https://snakemake.readthedocs.io/en/stable/snakefiles/rules.html#log-files
    * Specify a conda environment or container for each rule.:
      This way, the used software for each specific step is documented, and the workflow can be executed on any machine without prerequisites.
      Also see:
      https://snakemake.readthedocs.io/en/latest/snakefiles/deployment.html#integrated-package-management
      https://snakemake.readthedocs.io/en/latest/snakefiles/deployment.html#running-jobs-in-containers

Lints for rule build_abruijn (line 147, /mnt/c/Users/anand/Documents/Academics/S4/22BIO211- INTELLIGENCE OF BIOLOGICAL SYSTEMS II/Project/metagenome_quantification/Snakefile):
    * No log directive defined:
      Without a log directive, all output will be printed to the terminal. In distributed environments, this means that errors are harder to discover. In local environments, output of
      concurrent jobs will be mixed and become unreadable.
      Also see:
      https://snakemake.readthedocs.io/en/stable/snakefiles/rules.html#log-files
    * Specify a conda environment or container for each rule.:
      This way, the used software for each specific step is documented, and the workflow can be executed on any machine without prerequisites.
      Also see:
      https://snakemake.readthedocs.io/en/latest/snakefiles/deployment.html#integrated-package-management
      https://snakemake.readthedocs.io/en/latest/snakefiles/deployment.html#running-jobs-in-containers

Lints for rule map_reads_abruijn (line 174, /mnt/c/Users/anand/Documents/Academics/S4/22BIO211- INTELLIGENCE OF BIOLOGICAL SYSTEMS II/Project/metagenome_quantification/Snakefile):
    * No log directive defined:
      Without a log directive, all output will be printed to the terminal. In distributed environments, this means that errors are harder to discover. In local environments, output of
      concurrent jobs will be mixed and become unreadable.
      Also see:
      https://snakemake.readthedocs.io/en/stable/snakefiles/rules.html#log-files
    * Specify a conda environment or container for each rule.:
      This way, the used software for each specific step is documented, and the workflow can be executed on any machine without prerequisites.
      Also see:
      https://snakemake.readthedocs.io/en/latest/snakefiles/deployment.html#integrated-package-management
      https://snakemake.readthedocs.io/en/latest/snakefiles/deployment.html#running-jobs-in-containers

Lints for rule quantify_rpkm (line 202, /mnt/c/Users/anand/Documents/Academics/S4/22BIO211- INTELLIGENCE OF BIOLOGICAL SYSTEMS II/Project/metagenome_quantification/Snakefile):
    * No log directive defined:
      Without a log directive, all output will be printed to the terminal. In distributed environments, this means that errors are harder to discover. In local environments, output of
      concurrent jobs will be mixed and become unreadable.
      Also see:
      https://snakemake.readthedocs.io/en/stable/snakefiles/rules.html#log-files
    * Specify a conda environment or container for each rule.:
      This way, the used software for each specific step is documented, and the workflow can be executed on any machine without prerequisites.
      Also see:
      https://snakemake.readthedocs.io/en/latest/snakefiles/deployment.html#integrated-package-management
      https://snakemake.readthedocs.io/en/latest/snakefiles/deployment.html#running-jobs-in-containers

Lints for rule quantify_poisson (line 223, /mnt/c/Users/anand/Documents/Academics/S4/22BIO211- INTELLIGENCE OF BIOLOGICAL SYSTEMS II/Project/metagenome_quantification/Snakefile):
    * No log directive defined:
      Without a log directive, all output will be printed to the terminal. In distributed environments, this means that errors are harder to discover. In local environments, output of
      concurrent jobs will be mixed and become unreadable.
      Also see:
      https://snakemake.readthedocs.io/en/stable/snakefiles/rules.html#log-files
    * Specify a conda environment or container for each rule.:
      This way, the used software for each specific step is documented, and the workflow can be executed on any machine without prerequisites.
      Also see:
      https://snakemake.readthedocs.io/en/latest/snakefiles/deployment.html#integrated-package-management
      https://snakemake.readthedocs.io/en/latest/snakefiles/deployment.html#running-jobs-in-containers

Lints for rule quantify_nnls (line 244, /mnt/c/Users/anand/Documents/Academics/S4/22BIO211- INTELLIGENCE OF BIOLOGICAL SYSTEMS II/Project/metagenome_quantification/Snakefile):
    * No log directive defined:
      Without a log directive, all output will be printed to the terminal. In distributed environments, this means that errors are harder to discover. In local environments, output of
      concurrent jobs will be mixed and become unreadable.
      Also see:
      https://snakemake.readthedocs.io/en/stable/snakefiles/rules.html#log-files
    * Specify a conda environment or container for each rule.:
      This way, the used software for each specific step is documented, and the workflow can be executed on any machine without prerequisites.
      Also see:
      https://snakemake.readthedocs.io/en/latest/snakefiles/deployment.html#integrated-package-management
      https://snakemake.readthedocs.io/en/latest/snakefiles/deployment.html#running-jobs-in-containers

Lints for rule evaluate_methods (line 265, /mnt/c/Users/anand/Documents/Academics/S4/22BIO211- INTELLIGENCE OF BIOLOGICAL SYSTEMS II/Project/metagenome_quantification/Snakefile):
    * No log directive defined:
      Without a log directive, all output will be printed to the terminal. In distributed environments, this means that errors are harder to discover. In local environments, output of
      concurrent jobs will be mixed and become unreadable.
      Also see:
      https://snakemake.readthedocs.io/en/stable/snakefiles/rules.html#log-files
    * Specify a conda environment or container for each rule.:
      This way, the used software for each specific step is documented, and the workflow can be executed on any machine without prerequisites.
      Also see:
      https://snakemake.readthedocs.io/en/latest/snakefiles/deployment.html#integrated-package-management
      https://snakemake.readthedocs.io/en/latest/snakefiles/deployment.html#running-jobs-in-containers

Lints for rule visualize_results (line 288, /mnt/c/Users/anand/Documents/Academics/S4/22BIO211- INTELLIGENCE OF BIOLOGICAL SYSTEMS II/Project/metagenome_quantification/Snakefile):
    * No log directive defined:
      Without a log directive, all output will be printed to the terminal. In distributed environments, this means that errors are harder to discover. In local environments, output of
      concurrent jobs will be mixed and become unreadable.
      Also see:
      https://snakemake.readthedocs.io/en/stable/snakefiles/rules.html#log-files
    * Specify a conda environment or container for each rule.:
      This way, the used software for each specific step is documented, and the workflow can be executed on any machine without prerequisites.
      Also see:
      https://snakemake.readthedocs.io/en/latest/snakefiles/deployment.html#integrated-package-management
      https://snakemake.readthedocs.io/en/latest/snakefiles/deployment.html#running-jobs-in-containers

